#! /usr/bin/vvp
:ivl_version "11.0 (stable)";
:ivl_delay_selection "TYPICAL";
:vpi_time_precision + 0;
:vpi_module "/usr/lib/x86_64-linux-gnu/ivl/system.vpi";
:vpi_module "/usr/lib/x86_64-linux-gnu/ivl/vhdl_sys.vpi";
:vpi_module "/usr/lib/x86_64-linux-gnu/ivl/vhdl_textio.vpi";
:vpi_module "/usr/lib/x86_64-linux-gnu/ivl/v2005_math.vpi";
:vpi_module "/usr/lib/x86_64-linux-gnu/ivl/va_math.vpi";
S_0x55b8a074e970 .scope module, "Full_Adder" "Full_Adder" 2 2;
 .timescale 0 0;
    .port_info 0 /INPUT 1 "X";
    .port_info 1 /INPUT 1 "Y";
    .port_info 2 /INPUT 1 "Z";
    .port_info 3 /OUTPUT 1 "S";
    .port_info 4 /OUTPUT 1 "C";
L_0x55b8a079b020 .functor OR 1, L_0x55b8a079acd0, L_0x55b8a079af40, C4<0>, C4<0>;
L_0x55b8a079b0b0 .functor BUFZ 1, L_0x55b8a079adb0, C4<0>, C4<0>, C4<0>;
v0x55b8a079a480_0 .net "C", 0 0, L_0x55b8a079b020;  1 drivers
v0x55b8a079a560_0 .net "C1", 0 0, L_0x55b8a079acd0;  1 drivers
v0x55b8a079a620_0 .net "C2", 0 0, L_0x55b8a079af40;  1 drivers
v0x55b8a079a720_0 .net "S", 0 0, L_0x55b8a079b0b0;  1 drivers
v0x55b8a079a7c0_0 .net "S1", 0 0, L_0x55b8a079ac10;  1 drivers
v0x55b8a079a900_0 .net "S2", 0 0, L_0x55b8a079adb0;  1 drivers
o0x7f409ee4c078 .functor BUFZ 1, C4<z>; HiZ drive
v0x55b8a079a9a0_0 .net "X", 0 0, o0x7f409ee4c078;  0 drivers
o0x7f409ee4c0a8 .functor BUFZ 1, C4<z>; HiZ drive
v0x55b8a079aa40_0 .net "Y", 0 0, o0x7f409ee4c0a8;  0 drivers
o0x7f409ee4c1f8 .functor BUFZ 1, C4<z>; HiZ drive
v0x55b8a079ab10_0 .net "Z", 0 0, o0x7f409ee4c1f8;  0 drivers
S_0x55b8a074eb00 .scope module, "HA1" "Half_Adder" 2 4, 3 1 0, S_0x55b8a074e970;
 .timescale 0 0;
    .port_info 0 /INPUT 1 "X";
    .port_info 1 /INPUT 1 "Y";
    .port_info 2 /OUTPUT 1 "S";
    .port_info 3 /OUTPUT 1 "C";
L_0x55b8a079ac10 .functor XOR 1, o0x7f409ee4c078, o0x7f409ee4c0a8, C4<0>, C4<0>;
L_0x55b8a079acd0 .functor AND 1, o0x7f409ee4c078, o0x7f409ee4c0a8, C4<1>, C4<1>;
v0x55b8a074ed50_0 .net "C", 0 0, L_0x55b8a079acd0;  alias, 1 drivers
v0x55b8a0799bf0_0 .net "S", 0 0, L_0x55b8a079ac10;  alias, 1 drivers
v0x55b8a0799cb0_0 .net "X", 0 0, o0x7f409ee4c078;  alias, 0 drivers
v0x55b8a0799d50_0 .net "Y", 0 0, o0x7f409ee4c0a8;  alias, 0 drivers
S_0x55b8a0799e90 .scope module, "HA2" "Half_Adder" 2 5, 3 1 0, S_0x55b8a074e970;
 .timescale 0 0;
    .port_info 0 /INPUT 1 "X";
    .port_info 1 /INPUT 1 "Y";
    .port_info 2 /OUTPUT 1 "S";
    .port_info 3 /OUTPUT 1 "C";
L_0x55b8a079adb0 .functor XOR 1, L_0x55b8a079ac10, o0x7f409ee4c1f8, C4<0>, C4<0>;
L_0x55b8a079af40 .functor AND 1, L_0x55b8a079ac10, o0x7f409ee4c1f8, C4<1>, C4<1>;
v0x55b8a079a100_0 .net "C", 0 0, L_0x55b8a079af40;  alias, 1 drivers
v0x55b8a079a1c0_0 .net "S", 0 0, L_0x55b8a079adb0;  alias, 1 drivers
v0x55b8a079a280_0 .net "X", 0 0, L_0x55b8a079ac10;  alias, 1 drivers
v0x55b8a079a350_0 .net "Y", 0 0, o0x7f409ee4c1f8;  alias, 0 drivers
# The file index is used to find the file name in the following table.
:file_names 4;
    "N/A";
    "<interactive>";
    "Full_Adder.v";
    "./Half_Adder.v";
