#! /usr/bin/vvp
:ivl_version "11.0 (stable)";
:ivl_delay_selection "TYPICAL";
:vpi_time_precision + 0;
:vpi_module "/usr/lib/x86_64-linux-gnu/ivl/system.vpi";
:vpi_module "/usr/lib/x86_64-linux-gnu/ivl/vhdl_sys.vpi";
:vpi_module "/usr/lib/x86_64-linux-gnu/ivl/vhdl_textio.vpi";
:vpi_module "/usr/lib/x86_64-linux-gnu/ivl/v2005_math.vpi";
:vpi_module "/usr/lib/x86_64-linux-gnu/ivl/va_math.vpi";
S_0x5608c1243970 .scope module, "Full_Substractor" "Full_Substractor" 2 2;
 .timescale 0 0;
    .port_info 0 /INPUT 1 "X";
    .port_info 1 /INPUT 1 "Y";
    .port_info 2 /INPUT 1 "Z";
    .port_info 3 /OUTPUT 1 "D";
    .port_info 4 /OUTPUT 1 "S";
L_0x5608c1291250 .functor OR 1, L_0x5608c1290e00, L_0x5608c1291140, C4<0>, C4<0>;
L_0x5608c12912e0 .functor BUFZ 1, L_0x5608c1290f10, C4<0>, C4<0>, C4<0>;
v0x5608c12903a0_0 .net "B", 0 0, L_0x5608c1291250;  1 drivers
v0x5608c1290480_0 .net "B1", 0 0, L_0x5608c1290e00;  1 drivers
v0x5608c1290540_0 .net "B2", 0 0, L_0x5608c1291140;  1 drivers
v0x5608c1290610_0 .net "D", 0 0, L_0x5608c12912e0;  1 drivers
v0x5608c12906b0_0 .net "D1", 0 0, L_0x5608c1290c80;  1 drivers
v0x5608c12907a0_0 .net "D2", 0 0, L_0x5608c1290f10;  1 drivers
o0x7fa98a57f3d8 .functor BUFZ 1, C4<z>; HiZ drive
v0x5608c1290870_0 .net "S", 0 0, o0x7fa98a57f3d8;  0 drivers
o0x7fa98a57f228 .functor BUFZ 1, C4<z>; HiZ drive
v0x5608c1290910_0 .net "S1", 0 0, o0x7fa98a57f228;  0 drivers
o0x7fa98a57f078 .functor BUFZ 1, C4<z>; HiZ drive
v0x5608c12909e0_0 .net "X", 0 0, o0x7fa98a57f078;  0 drivers
o0x7fa98a57f0a8 .functor BUFZ 1, C4<z>; HiZ drive
v0x5608c1290ab0_0 .net "Y", 0 0, o0x7fa98a57f0a8;  0 drivers
o0x7fa98a57f258 .functor BUFZ 1, C4<z>; HiZ drive
v0x5608c1290b80_0 .net "Z", 0 0, o0x7fa98a57f258;  0 drivers
S_0x5608c1243b00 .scope module, "HA1" "Half_Substractor" 2 4, 3 1 0, S_0x5608c1243970;
 .timescale 0 0;
    .port_info 0 /INPUT 1 "X";
    .port_info 1 /INPUT 1 "Y";
    .port_info 2 /OUTPUT 1 "D";
    .port_info 3 /OUTPUT 1 "B";
L_0x5608c1290c80 .functor XOR 1, o0x7fa98a57f078, o0x7fa98a57f0a8, C4<0>, C4<0>;
L_0x5608c1290d90 .functor NOT 1, o0x7fa98a57f078, C4<0>, C4<0>, C4<0>;
L_0x5608c1290e00 .functor AND 1, L_0x5608c1290d90, o0x7fa98a57f0a8, C4<1>, C4<1>;
v0x5608c1243d50_0 .net "B", 0 0, L_0x5608c1290e00;  alias, 1 drivers
v0x5608c128f8d0_0 .net "D", 0 0, L_0x5608c1290c80;  alias, 1 drivers
v0x5608c128f990_0 .net "X", 0 0, o0x7fa98a57f078;  alias, 0 drivers
v0x5608c128fa30_0 .net "Y", 0 0, o0x7fa98a57f0a8;  alias, 0 drivers
v0x5608c128faf0_0 .net *"_ivl_2", 0 0, L_0x5608c1290d90;  1 drivers
S_0x5608c128fca0 .scope module, "HA2" "Half_Substractor" 2 5, 3 1 0, S_0x5608c1243970;
 .timescale 0 0;
    .port_info 0 /INPUT 1 "X";
    .port_info 1 /INPUT 1 "Y";
    .port_info 2 /OUTPUT 1 "D";
    .port_info 3 /OUTPUT 1 "B";
L_0x5608c1290f10 .functor XOR 1, o0x7fa98a57f228, o0x7fa98a57f258, C4<0>, C4<0>;
L_0x5608c12910b0 .functor NOT 1, o0x7fa98a57f228, C4<0>, C4<0>, C4<0>;
L_0x5608c1291140 .functor AND 1, L_0x5608c12910b0, o0x7fa98a57f258, C4<1>, C4<1>;
v0x5608c128ff10_0 .net "B", 0 0, L_0x5608c1291140;  alias, 1 drivers
v0x5608c128ffd0_0 .net "D", 0 0, L_0x5608c1290f10;  alias, 1 drivers
v0x5608c1290090_0 .net "X", 0 0, o0x7fa98a57f228;  alias, 0 drivers
v0x5608c1290130_0 .net "Y", 0 0, o0x7fa98a57f258;  alias, 0 drivers
v0x5608c12901f0_0 .net *"_ivl_2", 0 0, L_0x5608c12910b0;  1 drivers
# The file index is used to find the file name in the following table.
:file_names 4;
    "N/A";
    "<interactive>";
    "Full_Substractor.v";
    "./Half_Substractor.v";
