Vivado Simulator 2018.2
Time resolution is 1 ps
00000000   0 0 0   -> 0
00000000   0 0 1   -> 0
00000000   0 1 0   -> 0
00000000   0 1 1   -> 0
00000000   1 0 0   -> 0
00000000   1 0 1   -> 0
00000000   1 1 0   -> 0
00000000   1 1 1   -> 0
00000001   0 0 0   -> 1
00000001   0 0 1   -> 0
00000001   0 1 0   -> 0
00000001   0 1 1   -> 0
00000001   1 0 0   -> 0
00000001   1 0 1   -> 0
00000001   1 1 0   -> 0
00000001   1 1 1   -> 0
00000010   0 0 0   -> 0
00000010   0 0 1   -> 1
00000010   0 1 0   -> 0
00000010   0 1 1   -> 0
00000010   1 0 0   -> 0
00000010   1 0 1   -> 0
00000010   1 1 0   -> 0
00000010   1 1 1   -> 0
00000011   0 0 0   -> 1
00000011   0 0 1   -> 1
00000011   0 1 0   -> 0
00000011   0 1 1   -> 0
00000011   1 0 0   -> 0
00000011   1 0 1   -> 0
00000011   1 1 0   -> 0
00000011   1 1 1   -> 0
00000100   0 0 0   -> 0
00000100   0 0 1   -> 0
00000100   0 1 0   -> 1
00000100   0 1 1   -> 0
00000100   1 0 0   -> 0
00000100   1 0 1   -> 0
00000100   1 1 0   -> 0
00000100   1 1 1   -> 0
00000101   0 0 0   -> 1
00000101   0 0 1   -> 0
00000101   0 1 0   -> 1
00000101   0 1 1   -> 0
00000101   1 0 0   -> 0
00000101   1 0 1   -> 0
00000101   1 1 0   -> 0
00000101   1 1 1   -> 0
00000110   0 0 0   -> 0
00000110   0 0 1   -> 1
00000110   0 1 0   -> 1
00000110   0 1 1   -> 0
00000110   1 0 0   -> 0
00000110   1 0 1   -> 0
00000110   1 1 0   -> 0
00000110   1 1 1   -> 0
00000111   0 0 0   -> 1
00000111   0 0 1   -> 1
00000111   0 1 0   -> 1
00000111   0 1 1   -> 0
00000111   1 0 0   -> 0
00000111   1 0 1   -> 0
00000111   1 1 0   -> 0
00000111   1 1 1   -> 0
00001000   0 0 0   -> 0
00001000   0 0 1   -> 0
00001000   0 1 0   -> 0
00001000   0 1 1   -> 1
00001000   1 0 0   -> 0
00001000   1 0 1   -> 0
00001000   1 1 0   -> 0
00001000   1 1 1   -> 0
00001001   0 0 0   -> 1
00001001   0 0 1   -> 0
00001001   0 1 0   -> 0
00001001   0 1 1   -> 1
00001001   1 0 0   -> 0
00001001   1 0 1   -> 0
00001001   1 1 0   -> 0
00001001   1 1 1   -> 0
00001010   0 0 0   -> 0
00001010   0 0 1   -> 1
00001010   0 1 0   -> 0
00001010   0 1 1   -> 1
00001010   1 0 0   -> 0
00001010   1 0 1   -> 0
00001010   1 1 0   -> 0
00001010   1 1 1   -> 0
00001011   0 0 0   -> 1
00001011   0 0 1   -> 1
00001011   0 1 0   -> 0
00001011   0 1 1   -> 1
00001011   1 0 0   -> 0
00001011   1 0 1   -> 0
00001011   1 1 0   -> 0
00001011   1 1 1   -> 0
00001100   0 0 0   -> 0
00001100   0 0 1   -> 0
00001100   0 1 0   -> 1
00001100   0 1 1   -> 1
00001100   1 0 0   -> 0
00001100   1 0 1   -> 0
00001100   1 1 0   -> 0
00001100   1 1 1   -> 0
00001101   0 0 0   -> 1
00001101   0 0 1   -> 0
00001101   0 1 0   -> 1
00001101   0 1 1   -> 1
00001101   1 0 0   -> 0
00001101   1 0 1   -> 0
00001101   1 1 0   -> 0
00001101   1 1 1   -> 0
00001110   0 0 0   -> 0
00001110   0 0 1   -> 1
00001110   0 1 0   -> 1
00001110   0 1 1   -> 1
00001110   1 0 0   -> 0
00001110   1 0 1   -> 0
00001110   1 1 0   -> 0
00001110   1 1 1   -> 0
00001111   0 0 0   -> 1
00001111   0 0 1   -> 1
00001111   0 1 0   -> 1
00001111   0 1 1   -> 1
00001111   1 0 0   -> 0
00001111   1 0 1   -> 0
00001111   1 1 0   -> 0
00001111   1 1 1   -> 0
00010000   0 0 0   -> 0
00010000   0 0 1   -> 0
00010000   0 1 0   -> 0
00010000   0 1 1   -> 0
00010000   1 0 0   -> 1
00010000   1 0 1   -> 0
00010000   1 1 0   -> 0
00010000   1 1 1   -> 0
00010001   0 0 0   -> 1
00010001   0 0 1   -> 0
00010001   0 1 0   -> 0
00010001   0 1 1   -> 0
00010001   1 0 0   -> 1
00010001   1 0 1   -> 0
00010001   1 1 0   -> 0
00010001   1 1 1   -> 0
00010010   0 0 0   -> 0
00010010   0 0 1   -> 1
00010010   0 1 0   -> 0
00010010   0 1 1   -> 0
00010010   1 0 0   -> 1
00010010   1 0 1   -> 0
00010010   1 1 0   -> 0
00010010   1 1 1   -> 0
00010011   0 0 0   -> 1
00010011   0 0 1   -> 1
00010011   0 1 0   -> 0
00010011   0 1 1   -> 0
00010011   1 0 0   -> 1
00010011   1 0 1   -> 0
00010011   1 1 0   -> 0
00010011   1 1 1   -> 0
00010100   0 0 0   -> 0
00010100   0 0 1   -> 0
00010100   0 1 0   -> 1
00010100   0 1 1   -> 0
00010100   1 0 0   -> 1
00010100   1 0 1   -> 0
00010100   1 1 0   -> 0
00010100   1 1 1   -> 0
00010101   0 0 0   -> 1
00010101   0 0 1   -> 0
00010101   0 1 0   -> 1
00010101   0 1 1   -> 0
00010101   1 0 0   -> 1
00010101   1 0 1   -> 0
00010101   1 1 0   -> 0
00010101   1 1 1   -> 0
00010110   0 0 0   -> 0
00010110   0 0 1   -> 1
00010110   0 1 0   -> 1
00010110   0 1 1   -> 0
00010110   1 0 0   -> 1
00010110   1 0 1   -> 0
00010110   1 1 0   -> 0
00010110   1 1 1   -> 0
00010111   0 0 0   -> 1
00010111   0 0 1   -> 1
00010111   0 1 0   -> 1
00010111   0 1 1   -> 0
00010111   1 0 0   -> 1
00010111   1 0 1   -> 0
00010111   1 1 0   -> 0
00010111   1 1 1   -> 0
00011000   0 0 0   -> 0
00011000   0 0 1   -> 0
00011000   0 1 0   -> 0
00011000   0 1 1   -> 1
00011000   1 0 0   -> 1
00011000   1 0 1   -> 0
00011000   1 1 0   -> 0
00011000   1 1 1   -> 0
00011001   0 0 0   -> 1
