#! /usr/bin/vvp
:ivl_version "10.3 (stable)";
:ivl_delay_selection "TYPICAL";
:vpi_time_precision + 0;
:vpi_module "system";
:vpi_module "vhdl_sys";
:vpi_module "v2005_math";
:vpi_module "va_math";
S_0x563e0b8ec160 .scope module, "DivisibleByThree" "DivisibleByThree" 2 1;
 .timescale 0 0;
    .port_info 0 /INPUT 1 "clk"
    .port_info 1 /INPUT 1 "RESET"
    .port_info 2 /OUTPUT 1 "Q"
P_0x563e0b8ec2e0 .param/l "S0" 0 2 5, C4<00>;
P_0x563e0b8ec320 .param/l "S1" 0 2 6, C4<01>;
P_0x563e0b8ec360 .param/l "S2" 0 2 7, C4<10>;
v0x563e0b8feb10_0 .var "NextSTATE", 0 2;
o0x7f3172883048 .functor BUFZ 1, C4<z>; HiZ drive
v0x563e0b930a20_0 .net "Q", 0 0, o0x7f3172883048;  0 drivers
o0x7f3172883078 .functor BUFZ 1, C4<z>; HiZ drive
v0x563e0b930ae0_0 .net "RESET", 0 0, o0x7f3172883078;  0 drivers
v0x563e0b930b80_0 .var "STATE", 0 2;
o0x7f31728830d8 .functor BUFZ 1, C4<z>; HiZ drive
v0x563e0b930c60_0 .net "clk", 0 0, o0x7f31728830d8;  0 drivers
E_0x563e0b8eca90 .event posedge, v0x563e0b930c60_0;
    .scope S_0x563e0b8ec160;
T_0 ;
    %wait E_0x563e0b8eca90;
    %load/vec4 v0x563e0b930ae0_0;
    %flag_set/vec4 8;
    %jmp/0xz  T_0.0, 8;
    %pushi/vec4 0, 0, 3;
    %assign/vec4 v0x563e0b8feb10_0, 0;
    %jmp T_0.1;
T_0.0 ;
    %load/vec4 v0x563e0b8feb10_0;
    %assign/vec4 v0x563e0b930b80_0, 0;
    %load/vec4 v0x563e0b930b80_0;
    %dup/vec4;
    %pushi/vec4 0, 0, 3;
    %cmp/u;
    %jmp/1 T_0.2, 6;
    %dup/vec4;
    %pushi/vec4 1, 0, 3;
    %cmp/u;
    %jmp/1 T_0.3, 6;
    %dup/vec4;
    %pushi/vec4 2, 0, 3;
    %cmp/u;
    %jmp/1 T_0.4, 6;
    %pushi/vec4 0, 0, 3;
    %store/vec4 v0x563e0b8feb10_0, 0, 3;
    %jmp T_0.6;
T_0.2 ;
    %pushi/vec4 1, 0, 3;
    %store/vec4 v0x563e0b8feb10_0, 0, 3;
    %jmp T_0.6;
T_0.3 ;
    %pushi/vec4 2, 0, 3;
    %store/vec4 v0x563e0b8feb10_0, 0, 3;
    %jmp T_0.6;
T_0.4 ;
    %pushi/vec4 0, 0, 3;
    %store/vec4 v0x563e0b8feb10_0, 0, 3;
    %jmp T_0.6;
T_0.6 ;
    %pop/vec4 1;
T_0.1 ;
    %jmp T_0;
    .thread T_0;
# The file index is used to find the file name in the following table.
:file_names 3;
    "N/A";
    "<interactive>";
    "DivisibleByThree.v";
